2017-08-17 10:48:11.070  INFO 7632 --- [restartedMain] c.e.demo.SpringBootDemoApplication       : Starting SpringBootDemoApplication on dinghw-PC with PID 7632 (D:\IdeaProjects\springboot-demo\springboot-mybatis\target\classes started by dinghw in D:\IdeaProjects\springboot-demo)
2017-08-17 10:48:11.077  INFO 7632 --- [restartedMain] c.e.demo.SpringBootDemoApplication       : No active profile set, falling back to default profiles: default
2017-08-17 10:48:12.536  INFO 7632 --- [restartedMain] ationConfigEmbeddedWebApplicationContext : Refreshing org.springframework.boot.context.embedded.AnnotationConfigEmbeddedWebApplicationContext@f5ba5a5: startup date [Thu Aug 17 10:48:12 CST 2017]; root of context hierarchy
2017-08-17 10:48:22.034  INFO 7632 --- [restartedMain] s.b.c.e.t.TomcatEmbeddedServletContainer : Tomcat initialized with port(s): 6609 (http)
2017-08-17 10:48:22.068  INFO 7632 --- [restartedMain] o.apache.catalina.core.StandardService   : Starting service [Tomcat]
2017-08-17 10:48:22.070  INFO 7632 --- [restartedMain] org.apache.catalina.core.StandardEngine  : Starting Servlet Engine: Apache Tomcat/8.5.15
2017-08-17 10:48:22.496  INFO 7632 --- [localhost-startStop-1] o.a.c.c.C.[Tomcat].[localhost].[/]       : Initializing Spring embedded WebApplicationContext
2017-08-17 10:48:22.497  INFO 7632 --- [localhost-startStop-1] o.s.web.context.ContextLoader            : Root WebApplicationContext: initialization completed in 9965 ms
2017-08-17 10:48:23.198  INFO 7632 --- [localhost-startStop-1] o.s.b.w.servlet.ServletRegistrationBean  : Mapping servlet: 'dispatcherServlet' to [/]
2017-08-17 10:48:23.210  INFO 7632 --- [localhost-startStop-1] o.s.b.w.servlet.FilterRegistrationBean   : Mapping filter: 'characterEncodingFilter' to: [/*]
2017-08-17 10:48:23.212  INFO 7632 --- [localhost-startStop-1] o.s.b.w.servlet.FilterRegistrationBean   : Mapping filter: 'hiddenHttpMethodFilter' to: [/*]
2017-08-17 10:48:23.212  INFO 7632 --- [localhost-startStop-1] o.s.b.w.servlet.FilterRegistrationBean   : Mapping filter: 'httpPutFormContentFilter' to: [/*]
2017-08-17 10:48:23.212  INFO 7632 --- [localhost-startStop-1] o.s.b.w.servlet.FilterRegistrationBean   : Mapping filter: 'requestContextFilter' to: [/*]
2017-08-17 10:48:24.984  INFO 7632 --- [restartedMain] com.alibaba.druid.pool.DruidDataSource   : {dataSource-1} inited
2017-08-17 10:48:27.338  INFO 7632 --- [restartedMain] s.w.s.m.m.a.RequestMappingHandlerAdapter : Looking for @ControllerAdvice: org.springframework.boot.context.embedded.AnnotationConfigEmbeddedWebApplicationContext@f5ba5a5: startup date [Thu Aug 17 10:48:12 CST 2017]; root of context hierarchy
2017-08-17 10:48:27.727  INFO 7632 --- [restartedMain] s.w.s.m.m.a.RequestMappingHandlerMapping : Mapped "{[/content/list]}" onto public java.lang.String com.example.demo.controller.ContentController.list(org.springframework.ui.Model)
2017-08-17 10:48:27.729  INFO 7632 --- [restartedMain] s.w.s.m.m.a.RequestMappingHandlerMapping : Mapped "{[/content/page]}" onto public java.lang.String com.example.demo.controller.ContentController.pageList(org.springframework.ui.Model,int,int)
2017-08-17 10:48:27.730  INFO 7632 --- [restartedMain] s.w.s.m.m.a.RequestMappingHandlerMapping : Mapped "{[/content/getone]}" onto public java.lang.String com.example.demo.controller.ContentController.getOne(org.springframework.ui.Model,java.lang.String)
2017-08-17 10:48:27.731  INFO 7632 --- [restartedMain] s.w.s.m.m.a.RequestMappingHandlerMapping : Mapped "{[/hello/{name}]}" onto public java.lang.String com.example.demo.controller.HelloController.hello(java.lang.String,org.springframework.ui.Model)
2017-08-17 10:48:27.738  INFO 7632 --- [restartedMain] s.w.s.m.m.a.RequestMappingHandlerMapping : Mapped "{[/error]}" onto public org.springframework.http.ResponseEntity<java.util.Map<java.lang.String, java.lang.Object>> org.springframework.boot.autoconfigure.web.BasicErrorController.error(javax.servlet.http.HttpServletRequest)
2017-08-17 10:48:27.740  INFO 7632 --- [restartedMain] s.w.s.m.m.a.RequestMappingHandlerMapping : Mapped "{[/error],produces=[text/html]}" onto public org.springframework.web.servlet.ModelAndView org.springframework.boot.autoconfigure.web.BasicErrorController.errorHtml(javax.servlet.http.HttpServletRequest,javax.servlet.http.HttpServletResponse)
2017-08-17 10:48:28.000  INFO 7632 --- [restartedMain] o.s.w.s.handler.SimpleUrlHandlerMapping  : Mapped URL path [/webjars/**] onto handler of type [class org.springframework.web.servlet.resource.ResourceHttpRequestHandler]
2017-08-17 10:48:28.000  INFO 7632 --- [restartedMain] o.s.w.s.handler.SimpleUrlHandlerMapping  : Mapped URL path [/**] onto handler of type [class org.springframework.web.servlet.resource.ResourceHttpRequestHandler]
2017-08-17 10:48:28.408  INFO 7632 --- [restartedMain] o.s.w.s.handler.SimpleUrlHandlerMapping  : Mapped URL path [/**/favicon.ico] onto handler of type [class org.springframework.web.servlet.resource.ResourceHttpRequestHandler]
2017-08-17 10:48:31.220  INFO 7632 --- [restartedMain] o.s.b.d.a.OptionalLiveReloadServer       : LiveReload server is running on port 35729
2017-08-17 10:48:32.112  INFO 7632 --- [restartedMain] o.s.j.e.a.AnnotationMBeanExporter        : Registering beans for JMX exposure on startup
2017-08-17 10:48:32.113  INFO 7632 --- [restartedMain] o.s.j.e.a.AnnotationMBeanExporter        : Bean with name 'dataSource' has been autodetected for JMX exposure
2017-08-17 10:48:32.123  INFO 7632 --- [restartedMain] o.s.j.e.a.AnnotationMBeanExporter        : Located MBean 'dataSource': registering with JMX server as MBean [com.alibaba.druid.pool:name=dataSource,type=DruidDataSource]
2017-08-17 10:48:32.506  INFO 7632 --- [restartedMain] s.b.c.e.t.TomcatEmbeddedServletContainer : Tomcat started on port(s): 6609 (http)
2017-08-17 10:48:32.527  INFO 7632 --- [restartedMain] c.e.demo.SpringBootDemoApplication       : Started SpringBootDemoApplication in 22.952 seconds (JVM running for 25.925)
2017-08-17 10:48:57.767  INFO 7632 --- [http-nio-6609-exec-10] o.a.c.c.C.[Tomcat].[localhost].[/]       : Initializing Spring FrameworkServlet 'dispatcherServlet'
2017-08-17 10:48:57.767  INFO 7632 --- [http-nio-6609-exec-10] o.s.web.servlet.DispatcherServlet        : FrameworkServlet 'dispatcherServlet': initialization started
2017-08-17 10:48:57.879  INFO 7632 --- [http-nio-6609-exec-10] o.s.web.servlet.DispatcherServlet        : FrameworkServlet 'dispatcherServlet': initialization completed in 111 ms
2017-08-17 10:50:08.884  INFO 22920 --- [main] c.e.demo.SpringBootDemoApplication       : Starting SpringBootDemoApplication on dinghw-PC with PID 22920 (D:\IdeaProjects\springboot-demo\springboot-mybatis\target\classes started by dinghw in D:\IdeaProjects\springboot-demo)
2017-08-17 10:50:08.888  INFO 22920 --- [main] c.e.demo.SpringBootDemoApplication       : No active profile set, falling back to default profiles: default
2017-08-17 10:50:09.959  INFO 22920 --- [main] ationConfigEmbeddedWebApplicationContext : Refreshing org.springframework.boot.context.embedded.AnnotationConfigEmbeddedWebApplicationContext@30084350: startup date [Thu Aug 17 10:50:09 CST 2017]; root of context hierarchy
2017-08-17 10:50:17.125  INFO 22920 --- [main] s.b.c.e.t.TomcatEmbeddedServletContainer : Tomcat initialized with port(s): 6609 (http)
2017-08-17 10:50:17.145  INFO 22920 --- [main] o.apache.catalina.core.StandardService   : Starting service [Tomcat]
2017-08-17 10:50:17.147  INFO 22920 --- [main] org.apache.catalina.core.StandardEngine  : Starting Servlet Engine: Apache Tomcat/8.5.15
2017-08-17 10:50:17.589  INFO 22920 --- [localhost-startStop-1] o.a.c.c.C.[Tomcat].[localhost].[/]       : Initializing Spring embedded WebApplicationContext
2017-08-17 10:50:17.591  INFO 22920 --- [localhost-startStop-1] o.s.web.context.ContextLoader            : Root WebApplicationContext: initialization completed in 7633 ms
2017-08-17 10:50:18.195  INFO 22920 --- [localhost-startStop-1] o.s.b.w.servlet.ServletRegistrationBean  : Mapping servlet: 'dispatcherServlet' to [/]
2017-08-17 10:50:18.216  INFO 22920 --- [localhost-startStop-1] o.s.b.w.servlet.FilterRegistrationBean   : Mapping filter: 'characterEncodingFilter' to: [/*]
2017-08-17 10:50:18.218  INFO 22920 --- [localhost-startStop-1] o.s.b.w.servlet.FilterRegistrationBean   : Mapping filter: 'hiddenHttpMethodFilter' to: [/*]
2017-08-17 10:50:18.219  INFO 22920 --- [localhost-startStop-1] o.s.b.w.servlet.FilterRegistrationBean   : Mapping filter: 'httpPutFormContentFilter' to: [/*]
2017-08-17 10:50:18.220  INFO 22920 --- [localhost-startStop-1] o.s.b.w.servlet.FilterRegistrationBean   : Mapping filter: 'requestContextFilter' to: [/*]
2017-08-17 10:50:20.305  INFO 22920 --- [main] com.alibaba.druid.pool.DruidDataSource   : {dataSource-1} inited
2017-08-17 10:50:23.185  INFO 22920 --- [main] s.w.s.m.m.a.RequestMappingHandlerAdapter : Looking for @ControllerAdvice: org.springframework.boot.context.embedded.AnnotationConfigEmbeddedWebApplicationContext@30084350: startup date [Thu Aug 17 10:50:09 CST 2017]; root of context hierarchy
2017-08-17 10:50:23.712  INFO 22920 --- [main] s.w.s.m.m.a.RequestMappingHandlerMapping : Mapped "{[/content/list]}" onto public java.lang.String com.example.demo.controller.ContentController.list(org.springframework.ui.Model)
2017-08-17 10:50:23.715  INFO 22920 --- [main] s.w.s.m.m.a.RequestMappingHandlerMapping : Mapped "{[/content/getone]}" onto public java.lang.String com.example.demo.controller.ContentController.getOne(org.springframework.ui.Model,java.lang.String)
2017-08-17 10:50:23.716  INFO 22920 --- [main] s.w.s.m.m.a.RequestMappingHandlerMapping : Mapped "{[/content/page]}" onto public java.lang.String com.example.demo.controller.ContentController.pageList(org.springframework.ui.Model,int,int)
2017-08-17 10:50:23.739  INFO 22920 --- [main] s.w.s.m.m.a.RequestMappingHandlerMapping : Mapped "{[/hello/{name}]}" onto public java.lang.String com.example.demo.controller.HelloController.hello(java.lang.String,org.springframework.ui.Model)
2017-08-17 10:50:23.759  INFO 22920 --- [main] s.w.s.m.m.a.RequestMappingHandlerMapping : Mapped "{[/error]}" onto public org.springframework.http.ResponseEntity<java.util.Map<java.lang.String, java.lang.Object>> org.springframework.boot.autoconfigure.web.BasicErrorController.error(javax.servlet.http.HttpServletRequest)
2017-08-17 10:50:23.760  INFO 22920 --- [main] s.w.s.m.m.a.RequestMappingHandlerMapping : Mapped "{[/error],produces=[text/html]}" onto public org.springframework.web.servlet.ModelAndView org.springframework.boot.autoconfigure.web.BasicErrorController.errorHtml(javax.servlet.http.HttpServletRequest,javax.servlet.http.HttpServletResponse)
2017-08-17 10:50:24.079  INFO 22920 --- [main] o.s.w.s.handler.SimpleUrlHandlerMapping  : Mapped URL path [/webjars/**] onto handler of type [class org.springframework.web.servlet.resource.ResourceHttpRequestHandler]
2017-08-17 10:50:24.080  INFO 22920 --- [main] o.s.w.s.handler.SimpleUrlHandlerMapping  : Mapped URL path [/**] onto handler of type [class org.springframework.web.servlet.resource.ResourceHttpRequestHandler]
2017-08-17 10:50:24.539  INFO 22920 --- [main] o.s.w.s.handler.SimpleUrlHandlerMapping  : Mapped URL path [/**/favicon.ico] onto handler of type [class org.springframework.web.servlet.resource.ResourceHttpRequestHandler]
2017-08-17 10:50:27.186  INFO 22920 --- [main] o.s.b.d.a.OptionalLiveReloadServer       : LiveReload server is running on port 35729
2017-08-17 10:50:27.646  INFO 22920 --- [main] o.s.j.e.a.AnnotationMBeanExporter        : Registering beans for JMX exposure on startup
2017-08-17 10:50:27.647  INFO 22920 --- [main] o.s.j.e.a.AnnotationMBeanExporter        : Bean with name 'dataSource' has been autodetected for JMX exposure
2017-08-17 10:50:27.673  INFO 22920 --- [main] o.s.j.e.a.AnnotationMBeanExporter        : Located MBean 'dataSource': registering with JMX server as MBean [com.alibaba.druid.pool:name=dataSource,type=DruidDataSource]
2017-08-17 10:50:27.864  INFO 22920 --- [main] s.b.c.e.t.TomcatEmbeddedServletContainer : Tomcat started on port(s): 6609 (http)
2017-08-17 10:50:27.894  INFO 22920 --- [main] c.e.demo.SpringBootDemoApplication       : Started SpringBootDemoApplication in 20.438 seconds (JVM running for 34.15)
2017-08-17 10:51:38.532  INFO 22920 --- [http-nio-6609-exec-2] o.a.c.c.C.[Tomcat].[localhost].[/]       : Initializing Spring FrameworkServlet 'dispatcherServlet'
2017-08-17 10:51:38.533  INFO 22920 --- [http-nio-6609-exec-2] o.s.web.servlet.DispatcherServlet        : FrameworkServlet 'dispatcherServlet': initialization started
2017-08-17 10:51:38.626  INFO 22920 --- [http-nio-6609-exec-2] o.s.web.servlet.DispatcherServlet        : FrameworkServlet 'dispatcherServlet': initialization completed in 93 ms
2017-08-17 11:01:09.088  INFO 33548 --- [main] c.e.demo.SpringBootDemoApplication       : Starting SpringBootDemoApplication on dinghw-PC with PID 33548 (D:\IdeaProjects\springboot-demo\springboot-mybatis\target\classes started by dinghw in D:\IdeaProjects\springboot-demo)
2017-08-17 11:01:09.092  INFO 33548 --- [main] c.e.demo.SpringBootDemoApplication       : No active profile set, falling back to default profiles: default
2017-08-17 11:01:10.122  INFO 33548 --- [main] ationConfigEmbeddedWebApplicationContext : Refreshing org.springframework.boot.context.embedded.AnnotationConfigEmbeddedWebApplicationContext@42f3359: startup date [Thu Aug 17 11:01:10 CST 2017]; root of context hierarchy
2017-08-17 11:01:17.035  INFO 33548 --- [main] s.b.c.e.t.TomcatEmbeddedServletContainer : Tomcat initialized with port(s): 6609 (http)
2017-08-17 11:01:17.070  INFO 33548 --- [main] o.apache.catalina.core.StandardService   : Starting service [Tomcat]
2017-08-17 11:01:17.096  INFO 33548 --- [main] org.apache.catalina.core.StandardEngine  : Starting Servlet Engine: Apache Tomcat/8.5.15
2017-08-17 11:01:17.415  INFO 33548 --- [localhost-startStop-1] o.a.c.c.C.[Tomcat].[localhost].[/]       : Initializing Spring embedded WebApplicationContext
2017-08-17 11:01:17.416  INFO 33548 --- [localhost-startStop-1] o.s.web.context.ContextLoader            : Root WebApplicationContext: initialization completed in 7294 ms
2017-08-17 11:01:18.271  INFO 33548 --- [localhost-startStop-1] o.s.b.w.servlet.ServletRegistrationBean  : Mapping servlet: 'dispatcherServlet' to [/]
2017-08-17 11:01:18.571  INFO 33548 --- [localhost-startStop-1] o.s.b.w.servlet.FilterRegistrationBean   : Mapping filter: 'characterEncodingFilter' to: [/*]
2017-08-17 11:01:18.578  INFO 33548 --- [localhost-startStop-1] o.s.b.w.servlet.FilterRegistrationBean   : Mapping filter: 'hiddenHttpMethodFilter' to: [/*]
2017-08-17 11:01:18.579  INFO 33548 --- [localhost-startStop-1] o.s.b.w.servlet.FilterRegistrationBean   : Mapping filter: 'httpPutFormContentFilter' to: [/*]
2017-08-17 11:01:18.579  INFO 33548 --- [localhost-startStop-1] o.s.b.w.servlet.FilterRegistrationBean   : Mapping filter: 'requestContextFilter' to: [/*]
2017-08-17 11:01:20.495  INFO 33548 --- [main] com.alibaba.druid.pool.DruidDataSource   : {dataSource-1} inited
2017-08-17 11:01:23.651  INFO 33548 --- [main] s.w.s.m.m.a.RequestMappingHandlerAdapter : Looking for @ControllerAdvice: org.springframework.boot.context.embedded.AnnotationConfigEmbeddedWebApplicationContext@42f3359: startup date [Thu Aug 17 11:01:10 CST 2017]; root of context hierarchy
2017-08-17 11:01:24.181  INFO 33548 --- [main] s.w.s.m.m.a.RequestMappingHandlerMapping : Mapped "{[/content/list]}" onto public java.lang.String com.example.demo.controller.ContentController.list(org.springframework.ui.Model)
2017-08-17 11:01:24.187  INFO 33548 --- [main] s.w.s.m.m.a.RequestMappingHandlerMapping : Mapped "{[/content/page]}" onto public java.lang.String com.example.demo.controller.ContentController.pageList(org.springframework.ui.Model,int,int)
2017-08-17 11:01:24.205  INFO 33548 --- [main] s.w.s.m.m.a.RequestMappingHandlerMapping : Mapped "{[/content/getone]}" onto public java.lang.String com.example.demo.controller.ContentController.getOne(org.springframework.ui.Model,java.lang.String)
2017-08-17 11:01:24.211  INFO 33548 --- [main] s.w.s.m.m.a.RequestMappingHandlerMapping : Mapped "{[/hello/{name}]}" onto public java.lang.String com.example.demo.controller.HelloController.hello(java.lang.String,org.springframework.ui.Model)
2017-08-17 11:01:24.242  INFO 33548 --- [main] s.w.s.m.m.a.RequestMappingHandlerMapping : Mapped "{[/error]}" onto public org.springframework.http.ResponseEntity<java.util.Map<java.lang.String, java.lang.Object>> org.springframework.boot.autoconfigure.web.BasicErrorController.error(javax.servlet.http.HttpServletRequest)
2017-08-17 11:01:24.243  INFO 33548 --- [main] s.w.s.m.m.a.RequestMappingHandlerMapping : Mapped "{[/error],produces=[text/html]}" onto public org.springframework.web.servlet.ModelAndView org.springframework.boot.autoconfigure.web.BasicErrorController.errorHtml(javax.servlet.http.HttpServletRequest,javax.servlet.http.HttpServletResponse)
2017-08-17 11:01:24.600  INFO 33548 --- [main] o.s.w.s.handler.SimpleUrlHandlerMapping  : Mapped URL path [/webjars/**] onto handler of type [class org.springframework.web.servlet.resource.ResourceHttpRequestHandler]
2017-08-17 11:01:24.602  INFO 33548 --- [main] o.s.w.s.handler.SimpleUrlHandlerMapping  : Mapped URL path [/**] onto handler of type [class org.springframework.web.servlet.resource.ResourceHttpRequestHandler]
2017-08-17 11:01:25.056  INFO 33548 --- [main] o.s.w.s.handler.SimpleUrlHandlerMapping  : Mapped URL path [/**/favicon.ico] onto handler of type [class org.springframework.web.servlet.resource.ResourceHttpRequestHandler]
2017-08-17 11:01:27.326  INFO 33548 --- [main] o.s.b.d.a.OptionalLiveReloadServer       : LiveReload server is running on port 35729
2017-08-17 11:01:27.832  INFO 33548 --- [main] o.s.j.e.a.AnnotationMBeanExporter        : Registering beans for JMX exposure on startup
2017-08-17 11:01:27.834  INFO 33548 --- [main] o.s.j.e.a.AnnotationMBeanExporter        : Bean with name 'dataSource' has been autodetected for JMX exposure
2017-08-17 11:01:27.849  INFO 33548 --- [main] o.s.j.e.a.AnnotationMBeanExporter        : Located MBean 'dataSource': registering with JMX server as MBean [com.alibaba.druid.pool:name=dataSource,type=DruidDataSource]
2017-08-17 11:01:28.045  INFO 33548 --- [main] s.b.c.e.t.TomcatEmbeddedServletContainer : Tomcat started on port(s): 6609 (http)
2017-08-17 11:01:28.063  INFO 33548 --- [main] c.e.demo.SpringBootDemoApplication       : Started SpringBootDemoApplication in 20.414 seconds (JVM running for 26.814)
2017-08-17 11:03:48.253  INFO 33548 --- [http-nio-6609-exec-2] o.a.c.c.C.[Tomcat].[localhost].[/]       : Initializing Spring FrameworkServlet 'dispatcherServlet'
2017-08-17 11:03:48.254  INFO 33548 --- [http-nio-6609-exec-2] o.s.web.servlet.DispatcherServlet        : FrameworkServlet 'dispatcherServlet': initialization started
2017-08-17 11:03:48.334  INFO 33548 --- [http-nio-6609-exec-2] o.s.web.servlet.DispatcherServlet        : FrameworkServlet 'dispatcherServlet': initialization completed in 80 ms
